<?xml version="1.0" encoding="UTF-8"?>
<!-- Generated by org.testng.reporters.JUnitReportReporter -->
<testsuite skipped="0" hostname="DESKTOP-RECL507" name="TimeStampfromDateTest" tests="4" failures="0" timestamp="18 Mar 2023 08:29:01 GMT" time="3.297" errors="0">
  <testcase name="getMillisFromTimestamp" time="0.306" classname="TimeStampfromDateTest"/>
  <testcase name="getTimestampFromDate" time="0.269" classname="TimeStampfromDateTest"/>
  <testcase name="getFalseWithWrongTimestamp" time="0.625" classname="TimeStampfromDateTest"/>
  <testcase name="getFalseWithWrongMillis" time="2.097" classname="TimeStampfromDateTest"/>
</testsuite> <!-- TimeStampfromDateTest -->
